Arguments: 
  C:\Program Files\nodejs\node.exe C:\Users\edgal\AppData\Roaming\npm\node_modules\yarn\bin\yarn.js add expo-font axios react-native-dotenv

PATH: 
  C:\Windows\system32;C:\Windows;C:\Windows\System32\Wbem;C:\Windows\System32\WindowsPowerShell\v1.0\;C:\Windows\System32\OpenSSH\;C:\Program Files\Git\cmd;C:\Users\edgal\AppData\Roaming\nvm;C:\Program Files\nodejs;C:\xampp\php;C:\xampp\phpMyAdmin\vendor\composer;C:\ProgramData\ComposerSetup\bin;C:\Users\edgal\AppData\Local\Microsoft\WindowsApps;C:\Users\edgal\AppData\Roaming\npm;C:\Users\edgal\AppData\Local\Programs\Microsoft VS Code\bin;C:\Program Files\heroku\bin;C:\Users\edgal\AppData\Roaming\Composer\vendor\bin;C:\Program Files\JetBrains\WebStorm 2022.3.4\bin

Yarn version: 
  1.22.19

Node version: 
  16.13.1

Platform: 
  win32 x64

Trace: 
  Error: https://registry.yarnpkg.com/expo-modules-core/-/expo-modules-core-1.5.11.tgz: ESOCKETTIMEDOUT
      at ClientRequest.<anonymous> (C:\Users\edgal\AppData\Roaming\npm\node_modules\yarn\lib\cli.js:141517:19)
      at Object.onceWrapper (node:events:509:28)
      at ClientRequest.emit (node:events:390:28)
      at TLSSocket.emitRequestTimeout (node:_http_client:763:9)
      at Object.onceWrapper (node:events:509:28)
      at TLSSocket.emit (node:events:402:35)
      at TLSSocket.Socket._onTimeout (node:net:501:8)
      at listOnTimeout (node:internal/timers:557:17)
      at processTimers (node:internal/timers:500:7)

npm manifest: 
  {
    "name": "mobile_app_on_react_native_expo",
    "version": "1.0.0",
    "main": "index.js",
    "scripts": {
      "start": "expo start",
      "android": "expo start --android",
      "ios": "expo start --ios",
      "web": "expo start --web"
    },
    "dependencies": {
      "expo": "^49.0.3",
      "expo-constants": "~14.4.2",
      "expo-linking": "~5.0.2",
      "expo-router": "2.0.0",
      "expo-splash-screen": "~0.20.4",
      "expo-status-bar": "~1.6.0",
      "react": "18.2.0",
      "react-dom": "18.2.0",
      "react-native": "0.72.3",
      "react-native-gesture-handler": "~2.12.0",
      "react-native-reanimated": "~3.3.0",
      "react-native-safe-area-context": "4.6.3",
      "react-native-screens": "~3.22.0",
      "react-native-web": "~0.19.6"
    },
    "devDependencies": {
      "@babel/core": "^7.19.3",
      "@babel/plugin-proposal-export-namespace-from": "^7.18.9"
    },
    "resolutions": {
      "metro": "^0.73.7",
      "metro-resolver": "^0.73.7"
    },
    "overrides": {
      "metro": "^0.73.7",
      "metro-resolver": "^0.73.7"
    },
    "private": true
  }

yarn manifest: 
  No manifest

Lockfile: 
  No lockfile
